
--- Module:   /home/snikulov/work/vidstream/src/corrupt/src/corrupt.cpp (C++)
"/usr/include/c++/4.8/cstdlib"179 3 Error 129: declaration expected, identifier 'std::__int128' ignored
"/usr/include/c++/4.8/cstdlib"179 7 Error 129: declaration expected, identifier 'std::abs' ignored
"/usr/include/c++/4.8/cstdlib"179 16 Error 129: declaration expected, identifier 'std::__int128' ignored
"/usr/include/c++/4.8/cstdlib"179 19 Error 129: declaration expected, identifier 'std::__x' ignored
"/usr/include/c++/4.8/cstdlib"179 19 Error 10: Expecting identifier or other declarator
"/usr/include/boost/config/suffix.hpp"496 35 Error 10: Expecting ';'
"/usr/include/boost/config/suffix.hpp"496 46 Error 19: Useless Declaration
"/usr/include/boost/config/suffix.hpp"497 44 Error 10: Expecting ';'
"/usr/include/boost/config/suffix.hpp"497 56 Error 19: Useless Declaration
"/usr/include/c++/4.8/limits"1405 27 Error 40: Undeclared identifier '__int128'
"/usr/include/c++/4.8/limits"1405 27 Error 1054: template variable declaration expects a type, int assumed
"/usr/include/c++/4.8/limits"1406 27 Error 39: Redefinition of symbol 'std::numeric_limits<int>' conflicts with line 982
"/usr/include/c++/4.8/limits"982 1 Info 830: Location cited in prior message
"/usr/include/c++/4.8/limits"1410 7 Error 10: Expecting ';'
"/usr/include/c++/4.8/limits"1479 36 Error 151: Token '__int128' inconsistent with abstract type
"/usr/include/c++/4.8/limits"1480 36 Error 39: Redefinition of symbol 'std::numeric_limits<unsigned int>' conflicts with line 1049
"/usr/include/c++/4.8/limits"1049 1 Info 830: Location cited in prior message
"/usr/include/c++/4.8/limits"1484 7 Error 10: Expecting ';'
"/home/snikulov/work/vidstream/src/corrupt/src/corrupt.cpp"3 10 Warning 537: Repeated include file '/usr/include/c++/4.8/cstdlib'
"/home/snikulov/work/vidstream/src/corrupt/src/corrupt.cpp"3 10 Warning 451: Header file '/usr/include/c++/4.8/cstdlib' repeatedly included but does not have a standard include guard
"/home/snikulov/work/vidstream/src/corrupt/src/corrupt.cpp"4 10 Warning 537: Repeated include file '/usr/include/c++/4.8/ctime'
"/home/snikulov/work/vidstream/src/corrupt/src/corrupt.cpp"4 10 Warning 451: Header file '/usr/include/c++/4.8/ctime' repeatedly included but does not have a standard include guard
"/usr/include/boost/type_traits/is_integral.hpp"73 69 Error 40: Undeclared identifier 'int128_type'
"/usr/include/boost/type_traits/is_integral.hpp"73 69 Error 1054: template variable declaration expects a type, int assumed
"/usr/include/boost/type_traits/is_integral.hpp"73 69 Error 39: Redefinition of symbol 'boost::is_integral<int>' conflicts with line 34
"/usr/include/boost/type_traits/is_integral.hpp"34 1 Info 830: Location cited in prior message
"/usr/include/boost/type_traits/is_integral.hpp"73 69 Error 40: Undeclared identifier 'int128_type'
"/usr/include/boost/type_traits/is_integral.hpp"73 69 Error 1054: template variable declaration expects a type, int assumed
"/usr/include/boost/type_traits/is_integral.hpp"73 69 Error 39: Redefinition of symbol 'boost::is_integral<int>' conflicts with line 73
"/usr/include/boost/type_traits/is_integral.hpp"73 1 Info 830: Location cited in prior message
"/usr/include/boost/type_traits/is_integral.hpp"73 69 Error 40: Undeclared identifier 'int128_type'
"/usr/include/boost/type_traits/is_integral.hpp"73 69 Error 1054: template variable declaration expects a type, int assumed
"/usr/include/boost/type_traits/is_integral.hpp"73 69 Error 39: Redefinition of symbol 'boost::is_integral<int>' conflicts with line 73
"/usr/include/boost/type_traits/is_integral.hpp"73 1 Info 830: Location cited in prior message
"/usr/include/boost/type_traits/is_integral.hpp"73 69 Error 40: Undeclared identifier 'int128_type'
"/usr/include/boost/type_traits/is_integral.hpp"73 69 Error 1054: template variable declaration expects a type, int assumed
"/usr/include/boost/type_traits/is_integral.hpp"73 69 Error 39: Redefinition of symbol 'boost::is_integral<int>' conflicts with line 73
"/usr/include/boost/type_traits/is_integral.hpp"73 1 Info 830: Location cited in prior message
"/usr/include/boost/type_traits/is_integral.hpp"74 70 Error 40: Undeclared identifier 'uint128_type'
"/usr/include/boost/type_traits/is_integral.hpp"74 70 Error 1054: template variable declaration expects a type, int assumed
"/usr/include/boost/type_traits/is_integral.hpp"74 70 Error 39: Redefinition of symbol 'boost::is_integral<int>' conflicts with line 73
"/usr/include/boost/type_traits/is_integral.hpp"73 1 Info 830: Location cited in prior message
"/usr/include/boost/type_traits/is_integral.hpp"74 70 Error 40: Undeclared identifier 'uint128_type'
"/usr/include/boost/type_traits/is_integral.hpp"74 70 Error 1054: template variable declaration expects a type, int assumed
"/usr/include/boost/type_traits/is_integral.hpp"74 70 Error 39: Redefinition of symbol 'boost::is_integral<int>' conflicts with line 74
"/usr/include/boost/type_traits/is_integral.hpp"74 1 Info 830: Location cited in prior message
"/usr/include/boost/type_traits/is_integral.hpp"74 70 Error 40: Undeclared identifier 'uint128_type'
"/usr/include/boost/type_traits/is_integral.hpp"74 70 Error 1054: template variable declaration expects a type, int assumed
"/usr/include/boost/type_traits/is_integral.hpp"74 70 Error 39: Redefinition of symbol 'boost::is_integral<int>' conflicts with line 74
"/usr/include/boost/type_traits/is_integral.hpp"74 1 Info 830: Location cited in prior message
"/usr/include/boost/type_traits/is_integral.hpp"74 70 Error 40: Undeclared identifier 'uint128_type'
"/usr/include/boost/type_traits/is_integral.hpp"74 70 Error 1054: template variable declaration expects a type, int assumed
"/usr/include/boost/type_traits/is_integral.hpp"74 70 Error 39: Redefinition of symbol 'boost::is_integral<int>' conflicts with line 74
"/usr/include/boost/type_traits/is_integral.hpp"74 1 Info 830: Location cited in prior message
"/usr/include/boost/type_traits/make_unsigned.hpp"80 22 Error 1054: template variable declaration expects a type, int assumed
"/usr/include/boost/type_traits/make_unsigned.hpp"112 22 Error 1054: template variable declaration expects a type, int assumed
"/usr/include/boost/type_traits/make_unsigned.hpp"80 22 Error 1054: template variable declaration expects a type, int assumed
"/usr/include/boost/type_traits/make_unsigned.hpp"112 22 Error 1054: template variable declaration expects a type, int assumed
"/usr/include/c++/4.8/cmath"82 3 Error 1051: Symbol 'abs' is both a function and a variable
"/usr/include/c++/4.8/cmath"88 3 Error 1051: Symbol 'abs' is both a function and a variable
"/usr/include/c++/4.8/cmath"92 3 Error 1051: Symbol 'abs' is both a function and a variable
"/usr/include/boost/math/policies/policy.hpp"819 28 Error 1054: template variable declaration expects a type, int assumed
"/usr/include/boost/math/policies/policy.hpp"819 30 Error 10: Expecting >
"/usr/include/boost/math/policies/policy.hpp"819 36 Error 1073: Insufficient number of template parameters for 'boost::math::policies::precision<<1>,<2>>'; int assumed
"/home/snikulov/work/vidstream/src/corrupt/src/corrupt.cpp"15 13 Info 1702: operator 'operator^=' is both an ordinary function 'std::operator^=(enum std::_Ios_Fmtflags &, enum std::_Ios_Fmtflags)' and a member function 'boost::dynamic_bitset<unsigned long,std::allocator<unsigned long>>::operator^=(const boost::dynamic_bitset<unsigned long,std::allocator<unsigned long>> &)'
"/home/snikulov/work/vidstream/src/corrupt/src/corrupt.cpp"21 21 Note 1924: C-style cast -- More Effective C++ #2
"/home/snikulov/work/vidstream/src/corrupt/src/corrupt.cpp"21 47 Note 1924: C-style cast -- More Effective C++ #2
"/home/snikulov/work/vidstream/src/corrupt/src/corrupt.cpp"22 1 Note 952: Parameter 'bits_len' (line 19) could be declared const --- Eff. C++ 3rd Ed. item 3
"/home/snikulov/work/vidstream/src/corrupt/src/corrupt.cpp"19 1 Info 830: Location cited in prior message
"/home/snikulov/work/vidstream/src/corrupt/src/corrupt.cpp"22 1 Note 952: Parameter 'num_err' (line 19) could be declared const --- Eff. C++ 3rd Ed. item 3
"/home/snikulov/work/vidstream/src/corrupt/src/corrupt.cpp"19 1 Info 830: Location cited in prior message
"/home/snikulov/work/vidstream/src/corrupt/src/corrupt.cpp"30 52 Note 1924: C-style cast -- More Effective C++ #2
"/home/snikulov/work/vidstream/src/corrupt/src/corrupt.cpp"30 65 Info 834: Operator '/' followed by operator '*' is confusing.  Use parentheses.
"/home/snikulov/work/vidstream/src/corrupt/src/corrupt.cpp"30 52 Note 1924: C-style cast -- More Effective C++ #2
"/home/snikulov/work/vidstream/src/corrupt/src/corrupt.cpp"30 65 Info 834: Operator '/' followed by operator '*' is confusing.  Use parentheses.
"/home/snikulov/work/vidstream/src/corrupt/src/corrupt.cpp"30 73 Info 732: Loss of sign (initialization) (long to unsigned long)
"/home/snikulov/work/vidstream/src/corrupt/src/corrupt.cpp"33 71 Info 712: Loss of precision (arg. no. 2) (unsigned long to int)
"/home/snikulov/work/vidstream/src/corrupt/src/corrupt.cpp"33 71 Info 747: Significant prototype coercion (arg. no. 2) unsigned long to int
"/home/snikulov/work/vidstream/src/corrupt/src/corrupt.cpp"37 27 Info 732: Loss of sign (arg. no. 1) (int to unsigned long)
"/home/snikulov/work/vidstream/src/corrupt/src/corrupt.cpp"37 27 Info 747: Significant prototype coercion (arg. no. 1) int to unsigned long
"/home/snikulov/work/vidstream/src/corrupt/src/corrupt.cpp"37 33 Info 1793: While calling 'boost::dynamic_bitset<unsigned long,std::allocator<unsigned long>>::reference::flip(void)': Initializing the implicit object parameter 'boost::dynamic_bitset<unsigned long,std::allocator<unsigned long>>::reference &' (a non-const reference) with a non-lvalue (a temporary object of type 'boost::dynamic_bitset<unsigned long,std::allocator<unsigned long>>::reference')
"/home/snikulov/work/vidstream/src/corrupt/src/corrupt.cpp"37 35 Warning 534: Ignoring return value of function 'boost::dynamic_bitset<unsigned long,std::allocator<unsigned long>>::reference::flip(void)' (compare with line 95, file /usr/include/boost/dynamic_bitset/dynamic_bitset.hpp)
"/usr/include/boost/dynamic_bitset/dynamic_bitset.hpp"95 1 Info 830: Location cited in prior message
"/home/snikulov/work/vidstream/src/corrupt/src/corrupt.cpp"42 1 Note 952: Parameter 'err_p' (line 24) could be declared const --- Eff. C++ 3rd Ed. item 3
"/home/snikulov/work/vidstream/src/corrupt/src/corrupt.cpp"24 1 Info 830: Location cited in prior message
"/home/snikulov/work/vidstream/src/corrupt/src/corrupt.cpp"42 1 Note 953: Variable 'bitlen' (line 27) could be declared as const --- Eff. C++ 3rd Ed. item 3
"/home/snikulov/work/vidstream/src/corrupt/src/corrupt.cpp"27 1 Info 830: Location cited in prior message
"/home/snikulov/work/vidstream/src/corrupt/src/corrupt.cpp"42 1 Note 953: Variable 'num_errors' (line 30) could be declared as const --- Eff. C++ 3rd Ed. item 3
"/home/snikulov/work/vidstream/src/corrupt/src/corrupt.cpp"30 1 Info 830: Location cited in prior message
"/home/snikulov/work/vidstream/src/corrupt/src/corrupt.cpp"42 1 Info 1762: Member function 'corruptor::add_error(std::vector<unsigned char> &, double)' could be made const --- Eff. C++ 3rd Ed. item 3
"/home/snikulov/work/vidstream/src/corrupt/src/corrupt.cpp"60 37 Info 835: A zero has been given as right argument to operator '<<'
"/home/snikulov/work/vidstream/src/corrupt/src/corrupt.cpp"60 54 Info 1793: While calling 'boost::dynamic_bitset<unsigned long,std::allocator<unsigned long>>::reference::operator=(bool)': Initializing the implicit object parameter 'boost::dynamic_bitset<unsigned long,std::allocator<unsigned long>>::reference &' (a non-const reference) with a non-lvalue (a temporary object of type 'boost::dynamic_bitset<unsigned long,std::allocator<unsigned long>>::reference')
"/home/snikulov/work/vidstream/src/corrupt/src/corrupt.cpp"61 54 Info 1793: While calling 'boost::dynamic_bitset<unsigned long,std::allocator<unsigned long>>::reference::operator=(bool)': Initializing the implicit object parameter 'boost::dynamic_bitset<unsigned long,std::allocator<unsigned long>>::reference &' (a non-const reference) with a non-lvalue (a temporary object of type 'boost::dynamic_bitset<unsigned long,std::allocator<unsigned long>>::reference')
"/home/snikulov/work/vidstream/src/corrupt/src/corrupt.cpp"62 54 Info 1793: While calling 'boost::dynamic_bitset<unsigned long,std::allocator<unsigned long>>::reference::operator=(bool)': Initializing the implicit object parameter 'boost::dynamic_bitset<unsigned long,std::allocator<unsigned long>>::reference &' (a non-const reference) with a non-lvalue (a temporary object of type 'boost::dynamic_bitset<unsigned long,std::allocator<unsigned long>>::reference')
"/home/snikulov/work/vidstream/src/corrupt/src/corrupt.cpp"63 54 Info 1793: While calling 'boost::dynamic_bitset<unsigned long,std::allocator<unsigned long>>::reference::operator=(bool)': Initializing the implicit object parameter 'boost::dynamic_bitset<unsigned long,std::allocator<unsigned long>>::reference &' (a non-const reference) with a non-lvalue (a temporary object of type 'boost::dynamic_bitset<unsigned long,std::allocator<unsigned long>>::reference')
"/home/snikulov/work/vidstream/src/corrupt/src/corrupt.cpp"64 54 Info 1793: While calling 'boost::dynamic_bitset<unsigned long,std::allocator<unsigned long>>::reference::operator=(bool)': Initializing the implicit object parameter 'boost::dynamic_bitset<unsigned long,std::allocator<unsigned long>>::reference &' (a non-const reference) with a non-lvalue (a temporary object of type 'boost::dynamic_bitset<unsigned long,std::allocator<unsigned long>>::reference')
"/home/snikulov/work/vidstream/src/corrupt/src/corrupt.cpp"65 54 Info 1793: While calling 'boost::dynamic_bitset<unsigned long,std::allocator<unsigned long>>::reference::operator=(bool)': Initializing the implicit object parameter 'boost::dynamic_bitset<unsigned long,std::allocator<unsigned long>>::reference &' (a non-const reference) with a non-lvalue (a temporary object of type 'boost::dynamic_bitset<unsigned long,std::allocator<unsigned long>>::reference')
"/home/snikulov/work/vidstream/src/corrupt/src/corrupt.cpp"66 54 Info 1793: While calling 'boost::dynamic_bitset<unsigned long,std::allocator<unsigned long>>::reference::operator=(bool)': Initializing the implicit object parameter 'boost::dynamic_bitset<unsigned long,std::allocator<unsigned long>>::reference &' (a non-const reference) with a non-lvalue (a temporary object of type 'boost::dynamic_bitset<unsigned long,std::allocator<unsigned long>>::reference')
"/home/snikulov/work/vidstream/src/corrupt/src/corrupt.cpp"67 54 Info 1793: While calling 'boost::dynamic_bitset<unsigned long,std::allocator<unsigned long>>::reference::operator=(bool)': Initializing the implicit object parameter 'boost::dynamic_bitset<unsigned long,std::allocator<unsigned long>>::reference &' (a non-const reference) with a non-lvalue (a temporary object of type 'boost::dynamic_bitset<unsigned long,std::allocator<unsigned long>>::reference')
"/home/snikulov/work/vidstream/src/corrupt/src/corrupt.cpp"68 5 Note 953: Variable 'val' (line 57) could be declared as const --- Eff. C++ 3rd Ed. item 3
"/home/snikulov/work/vidstream/src/corrupt/src/corrupt.cpp"57 1 Info 830: Location cited in prior message
"/home/snikulov/work/vidstream/src/corrupt/src/corrupt.cpp"88 38 Info 701: Shift left of signed quantity (int)
"/home/snikulov/work/vidstream/src/corrupt/src/corrupt.cpp"88 42 Info 734: Loss of precision (assignment) (31 bits to 8 bits)
"/home/snikulov/work/vidstream/src/corrupt/src/corrupt.cpp"89 5 Note 953: Variable 'shift' (line 82) could be declared as const --- Eff. C++ 3rd Ed. item 3
"/home/snikulov/work/vidstream/src/corrupt/src/corrupt.cpp"82 1 Info 830: Location cited in prior message

/// Start of Pass 2 ///

--- Module:   /home/snikulov/work/vidstream/src/corrupt/src/corrupt.cpp (C++)

Count   Type    Number  Text

6       Error   10      Expecting ___
2       Error   19      Useless Declaration
10      Error   39      Redefinition of symbol '___' ___
9       Error   40      Undeclared identifier '___'
4       Error   129     declaration expected, identifier '___' ignored
1       Error   151     Token '___' inconsistent with abstract type
3       Error   1051    Symbol '___' is both a function and a variable
14      Error   1054    template variable declaration expects a type, int assumed
1       Error   1073    Insufficient number of template parameters for '___'; ___ assumed
2       Warning 451     Header file '___' repeatedly included but does not have a standard include guard
1       Warning 534     Ignoring return value of function '___' (compare with ___)
2       Warning 537     Repeated include file '___'
1       Info    701     Shift left of signed quantity (___)
1       Info    712     Loss of precision (___) (___ to ___)
2       Info    732     Loss of sign (___) (___ to ___)
1       Info    734     Loss of precision (___) (___ bits to ___ bits)
2       Info    747     Significant prototype coercion (___) ___ to ___
2       Info    834     Operator '___' followed by operator '___' is confusing.  Use parentheses.
1       Info    835     A zero has been given as ___ argument to operator '___'
1       Info    1702    operator '___' is both an ordinary function '___' and a member function '___'
1       Info    1762    Member function '___' could be made const
9       Info    1793    ___Initializing the implicit object parameter '___' (a non-const reference) with ___
3       Note    952     Parameter '___' (___) could be declared const
4       Note    953     Variable '___' (___) could be declared as const
4       Note    1924    C-style cast
